<?xml version="1.0" encoding="UTF-8"?>
<testng-results ignored="0" total="1" passed="1" failed="0" skipped="0">
  <reporter-output>
  </reporter-output>
  <suite started-at="2023-02-24T21:16:26 EST" name="Default suite" finished-at="2023-02-24T21:16:36 EST" duration-ms="9193">
    <groups>
    </groups>
    <test started-at="2023-02-24T21:16:26 EST" name="Default test" finished-at="2023-02-24T21:16:36 EST" duration-ms="9193">
      <class name="PageObject.RegistrationPageTest">
        <test-method signature="registerTest()[pri:0, instance:PageObject.RegistrationPageTest@6404f418]" started-at="2023-02-24T21:16:27 EST" name="registerTest" finished-at="2023-02-24T21:16:36 EST" duration-ms="9118" status="PASS">
          <reporter-output>
          </reporter-output>
        </test-method> <!-- registerTest -->
      </class> <!-- PageObject.RegistrationPageTest -->
    </test> <!-- Default test -->
  </suite> <!-- Default suite -->
</testng-results>
